Start training model...

epoch: 1
313it [03:26,  1.52it/s]
59it [00:09,  6.25it/s]
train time: 3 m 26 s, loss: 4.723, PPL: 112.499
valid time: 0 m 9 s, loss: 5.332, PPL: 206.780

epoch: 2
313it [03:25,  1.52it/s]
59it [00:09,  6.31it/s]
train time: 3 m 26 s, loss: 3.702, PPL: 40.509
valid time: 0 m 9 s, loss: 4.896, PPL: 133.756

epoch: 3
313it [03:25,  1.52it/s]
59it [00:09,  6.21it/s]
train time: 3 m 25 s, loss: 3.204, PPL: 24.625
valid time: 0 m 10 s, loss: 4.726, PPL: 112.831

epoch: 4
313it [03:24,  1.53it/s]
59it [00:09,  6.18it/s]
train time: 3 m 25 s, loss: 2.893, PPL: 18.051
valid time: 0 m 10 s, loss: 4.427, PPL: 83.655

epoch: 5
313it [03:25,  1.52it/s]
59it [00:09,  6.01it/s]
train time: 3 m 26 s, loss: 2.580, PPL: 13.195
valid time: 0 m 10 s, loss: 4.400, PPL: 81.480

epoch: 6
313it [03:27,  1.51it/s]
59it [00:09,  6.14it/s]
train time: 3 m 27 s, loss: 2.392, PPL: 10.930
valid time: 0 m 10 s, loss: 4.266, PPL: 71.245

epoch: 7
313it [03:23,  1.54it/s]
59it [00:09,  6.33it/s]
train time: 3 m 24 s, loss: 2.174, PPL: 8.793
valid time: 0 m 9 s, loss: 4.316, PPL: 74.924

epoch: 8
313it [03:25,  1.52it/s]
59it [00:09,  6.26it/s]
train time: 3 m 25 s, loss: 2.001, PPL: 7.397
valid time: 0 m 9 s, loss: 4.347, PPL: 77.282

epoch: 9
313it [03:25,  1.52it/s]
59it [00:09,  6.24it/s]
train time: 3 m 26 s, loss: 1.873, PPL: 6.508
valid time: 0 m 9 s, loss: 4.272, PPL: 71.647

epoch: 10
313it [03:24,  1.53it/s]
59it [00:09,  6.27it/s]
train time: 3 m 25 s, loss: 1.711, PPL: 5.537
valid time: 0 m 9 s, loss: 4.330, PPL: 75.980

59it [00:09,  6.26it/s]
Training complete in -37 m 58 s
Model state saved at ./src/models/saved_states/seq2seq_attention.pt, the best bleu score is: 27.060, PPL: 71.245